<?xml version="1.0" encoding="UTF-8"?>
<!-- Generated by org.testng.reporters.JUnitXMLReporter -->
<testsuite hostname="DESKTOP-3DIN244" ignored="3" name="Create Portfolio Test" tests="2" failures="0" timestamp="2021-05-07T09:38:58 IST" time="55.745" errors="0">
  <testcase name="doLogin" time="42.055" classname="testcases.rediff.Session"/>
  <testcase name="createPortfolio" time="11.056" classname="testcases.rediff.PortfolioManagement"/>
  <testcase name="@BeforeTest beforeTest" time="0.0" classname="testbase.BaseTest">
    <ignored/>
  </testcase> <!-- @BeforeTest beforeTest -->
  <testcase name="deletePortfolio" time="0.0" classname="testcases.rediff.PortfolioManagement">
    <ignored/>
  </testcase> <!-- deletePortfolio -->
  <testcase name="@AfterTest quit" time="0.0" classname="testbase.BaseTest">
    <ignored/>
  </testcase> <!-- @AfterTest quit -->
</testsuite> <!-- Create Portfolio Test -->
