<?xml version="1.0" encoding="UTF-8"?>
<!-- Generated by org.testng.reporters.JUnitXMLReporter -->
<testsuite hostname="DESKTOP-3DIN244" ignored="3" name="Delete Portfolio Test" tests="2" failures="0" timestamp="2021-05-07T09:39:51 IST" time="52.558" errors="0">
  <testcase name="doLogin" time="43.993" classname="testcases.rediff.Session"/>
  <testcase name="deletePortfolio" time="8.463" classname="testcases.rediff.PortfolioManagement"/>
  <testcase name="@BeforeTest beforeTest" time="0.0" classname="testbase.BaseTest">
    <ignored/>
  </testcase> <!-- @BeforeTest beforeTest -->
  <testcase name="@AfterTest quit" time="0.0" classname="testbase.BaseTest">
    <ignored/>
  </testcase> <!-- @AfterTest quit -->
  <testcase name="createPortfolio" time="0.0" classname="testcases.rediff.PortfolioManagement">
    <ignored/>
  </testcase> <!-- createPortfolio -->
</testsuite> <!-- Delete Portfolio Test -->
