<?xml version="1.0" encoding="UTF-8"?>
<!-- Generated by org.testng.reporters.JUnitXMLReporter -->
<testsuite hostname="DESKTOP-3DIN244" ignored="5" name="Add new Stock Test" tests="5" failures="0" timestamp="2021-05-08T11:00:21 IST" time="23.016" errors="0">
  <testcase name="selectPortfolio" time="1.203" classname="testcases.rediff.PortfolioManagement"/>
  <testcase name="addNewStock" time="5.058" classname="testcases.rediff.StockManagement"/>
  <testcase name="verifyStockPresent" time="0.137" classname="testcases.rediff.StockManagement"/>
  <testcase name="verifyStockQuantity" time="0.131" classname="testcases.rediff.StockManagement"/>
  <testcase name="verifyTransactionHistory" time="1.196" classname="testcases.rediff.StockManagement"/>
  <testcase name="@BeforeTest beforeTest" time="0.0" classname="testbase.BaseTest">
    <ignored/>
  </testcase> <!-- @BeforeTest beforeTest -->
  <testcase name="deletePortfolio" time="0.0" classname="testcases.rediff.PortfolioManagement">
    <ignored/>
  </testcase> <!-- deletePortfolio -->
  <testcase name="modifyStock" time="0.0" classname="testcases.rediff.StockManagement">
    <ignored/>
  </testcase> <!-- modifyStock -->
  <testcase name="@AfterTest quit" time="0.0" classname="testbase.BaseTest">
    <ignored/>
  </testcase> <!-- @AfterTest quit -->
  <testcase name="createPortfolio" time="0.0" classname="testcases.rediff.PortfolioManagement">
    <ignored/>
  </testcase> <!-- createPortfolio -->
</testsuite> <!-- Add new Stock Test -->
