<?xml version="1.0" encoding="UTF-8"?>
<!-- Generated by org.testng.reporters.JUnitXMLReporter -->
<testsuite hostname="DESKTOP-3DIN244" ignored="5" name="Modify Stock Test - Add Stock" tests="5" failures="0" timestamp="2021-05-08T11:01:36 IST" time="47.697" errors="0">
  <testcase name="selectPortfolio" time="7.612" classname="testcases.rediff.PortfolioManagement"/>
  <testcase name="verifyStockPresent" time="0.168" classname="testcases.rediff.StockManagement"/>
  <testcase name="modifyStock" time="10.237" classname="testcases.rediff.StockManagement"/>
  <testcase name="verifyStockQuantity" time="0.166" classname="testcases.rediff.StockManagement"/>
  <testcase name="verifyTransactionHistory" time="0.822" classname="testcases.rediff.StockManagement"/>
  <testcase name="@BeforeTest beforeTest" time="0.0" classname="testbase.BaseTest">
    <ignored/>
  </testcase> <!-- @BeforeTest beforeTest -->
  <testcase name="deletePortfolio" time="0.0" classname="testcases.rediff.PortfolioManagement">
    <ignored/>
  </testcase> <!-- deletePortfolio -->
  <testcase name="@AfterTest quit" time="0.0" classname="testbase.BaseTest">
    <ignored/>
  </testcase> <!-- @AfterTest quit -->
  <testcase name="createPortfolio" time="0.0" classname="testcases.rediff.PortfolioManagement">
    <ignored/>
  </testcase> <!-- createPortfolio -->
  <testcase name="addNewStock" time="0.0" classname="testcases.rediff.StockManagement">
    <ignored/>
  </testcase> <!-- addNewStock -->
</testsuite> <!-- Modify Stock Test - Add Stock -->
