<?xml version="1.0" encoding="UTF-8"?>
<!-- Generated by org.testng.reporters.JUnitXMLReporter -->
<testsuite hostname="DESKTOP-3DIN244" ignored="5" name="Modify Stock Test - Add Stock" tests="5" failures="0" timestamp="2021-05-08T12:57:52 IST" time="100.682" errors="0">
  <testcase name="selectPortfolio" time="14.57" classname="testcases.rediff.PortfolioManagement"/>
  <testcase name="verifyStockPresent" time="0.156" classname="testcases.rediff.StockManagement"/>
  <testcase name="modifyStock" time="11.65" classname="testcases.rediff.StockManagement"/>
  <testcase name="verifyStockQuantity" time="0.69" classname="testcases.rediff.StockManagement"/>
  <testcase name="verifyTransactionHistory" time="0.808" classname="testcases.rediff.StockManagement"/>
  <testcase name="@BeforeTest beforeTest" time="0.0" classname="testbase.BaseTest">
    <ignored/>
  </testcase> <!-- @BeforeTest beforeTest -->
  <testcase name="deletePortfolio" time="0.0" classname="testcases.rediff.PortfolioManagement">
    <ignored/>
  </testcase> <!-- deletePortfolio -->
  <testcase name="@AfterTest quit" time="0.0" classname="testbase.BaseTest">
    <ignored/>
  </testcase> <!-- @AfterTest quit -->
  <testcase name="createPortfolio" time="0.0" classname="testcases.rediff.PortfolioManagement">
    <ignored/>
  </testcase> <!-- createPortfolio -->
  <testcase name="addNewStock" time="0.0" classname="testcases.rediff.StockManagement">
    <ignored/>
  </testcase> <!-- addNewStock -->
</testsuite> <!-- Modify Stock Test - Add Stock -->
