<?xml version="1.0" encoding="UTF-8"?>
<testsuite xmlns:xsi="http://www.w3.org/2001/XMLSchema-instance" xsi:noNamespaceSchemaLocation="https://maven.apache.org/surefire/maven-surefire-plugin/xsd/surefire-test-report-3.0.xsd" version="3.0" name="TestSuite" time="504.12" tests="19" errors="0" skipped="0" failures="0">
  <properties>
[...]
</properties>
  <testcase name="doLogin[org.testng.TestRunner@7ef2d7a6](1)" classname="testcases.rediff.Session" time="34.22">
    <system-out><![CDATA[[TestNG] [WARN] Ignoring duplicate listener : listener.MyTestNGListener
---------------Before Test------------------
Opening the browser Chrome
Navigating to url
Typing in username_css . Data gyanphoton@rediffmail.com
Checking presence of username_css
Checking visibility of username_css
Typing in password_xpath . Data Password123!
Checking presence of password_xpath
Checking visibility of password_xpath
Checking presence of login_submit_id
Clicking onlogin_submit_id
Checking presence of login_submit_id
Checking visibility of login_submit_id
complete
1
0
***************Before Method***************
Logging In
Opening the browser Chrome
Navigating to url
Typing in username_css . Data gyanphoton@rediffmail.com
Checking presence of username_css
Checking visibility of username_css
Typing in password_xpath . Data Password123!
Checking presence of password_xpath
Checking visibility of password_xpath
Checking presence of login_submit_id
Clicking onlogin_submit_id
Checking presence of login_submit_id
Checking visibility of login_submit_id
complete
1
0
-------Test Passed----- doLogin
]]></system-out>
    <system-err><![CDATA[SLF4J: Failed to load class "org.slf4j.impl.StaticLoggerBinder".
SLF4J: Defaulting to no-operation (NOP) logger implementation
SLF4J: See http://www.slf4j.org/codes.html#StaticLoggerBinder for further details.
ChromeDriver was started successfully.
May 08, 2021 12:50:06 PM org.openqa.selenium.remote.ProtocolHandshake createSession
INFO: Detected dialect: W3C
May 08, 2021 12:50:09 PM org.openqa.selenium.devtools.CdpVersionFinder findNearestMatch
WARNING: Unable to find an exact match for CDP version 90, so returning the closest version found: 89
May 08, 2021 12:50:09 PM org.openqa.selenium.devtools.CdpVersionFinder findNearestMatch
INFO: Found CDP implementation for version 90 of 89
ChromeDriver was started successfully.
May 08, 2021 12:51:07 PM org.openqa.selenium.remote.ProtocolHandshake createSession
INFO: Detected dialect: W3C
May 08, 2021 12:51:07 PM org.openqa.selenium.devtools.CdpVersionFinder findNearestMatch
WARNING: Unable to find an exact match for CDP version 90, so returning the closest version found: 89
May 08, 2021 12:51:07 PM org.openqa.selenium.devtools.CdpVersionFinder findNearestMatch
INFO: Found CDP implementation for version 90 of 89
]]></system-err>
  </testcase>
  <testcase name="doLogin[org.testng.TestRunner@49cf9028](1)" classname="testcases.rediff.Session" time="42.696">
    <system-out><![CDATA[---------------Before Test------------------
Opening the browser Chrome
Navigating to url
Typing in username_css . Data gyanphoton@rediffmail.com
Checking presence of username_css
Checking visibility of username_css
Typing in password_xpath . Data Password123!
Checking presence of password_xpath
Checking visibility of password_xpath
Checking presence of login_submit_id
Clicking onlogin_submit_id
Checking presence of login_submit_id
Checking visibility of login_submit_id
complete
1
0
***************Before Method***************
Logging In
Opening the browser Chrome
Navigating to url
Typing in username_css . Data gyanphoton@rediffmail.com
Checking presence of username_css
Checking visibility of username_css
Typing in password_xpath . Data Password123!
Checking presence of password_xpath
Checking visibility of password_xpath
Checking presence of login_submit_id
Clicking onlogin_submit_id
Checking presence of login_submit_id
Checking visibility of login_submit_id
complete
1
0
-------Test Passed----- doLogin
]]></system-out>
    <system-err><![CDATA[ChromeDriver was started successfully.
May 08, 2021 12:51:57 PM org.openqa.selenium.remote.ProtocolHandshake createSession
INFO: Detected dialect: W3C
May 08, 2021 12:51:58 PM org.openqa.selenium.devtools.CdpVersionFinder findNearestMatch
WARNING: Unable to find an exact match for CDP version 90, so returning the closest version found: 89
May 08, 2021 12:51:58 PM org.openqa.selenium.devtools.CdpVersionFinder findNearestMatch
INFO: Found CDP implementation for version 90 of 89
ChromeDriver was started successfully.
May 08, 2021 12:52:39 PM org.openqa.selenium.remote.ProtocolHandshake createSession
INFO: Detected dialect: W3C
May 08, 2021 12:52:39 PM org.openqa.selenium.devtools.CdpVersionFinder findNearestMatch
WARNING: Unable to find an exact match for CDP version 90, so returning the closest version found: 89
May 08, 2021 12:52:39 PM org.openqa.selenium.devtools.CdpVersionFinder findNearestMatch
INFO: Found CDP implementation for version 90 of 89
]]></system-err>
  </testcase>
  <testcase name="createPortfolio" classname="testcases.rediff.PortfolioManagement" time="3.522">
    <system-out><![CDATA[***************Before Method***************
Creating Portfolio
Clicking oncreatePortfolio_id
Checking presence of createPortfolio_id
Checking visibility of createPortfolio_id
Clearning the text in portfolioname_id
Checking presence of portfolioname_id
Checking visibility of portfolioname_id
Typing in portfolioname_id . Data Portfolio12026
Checking presence of portfolioname_id
Checking visibility of portfolioname_id
Clicking oncreatePortfolioButton_css
Checking presence of createPortfolioButton_css
Checking visibility of createPortfolioButton_css
complete
1
0
Checking presence of portfolioid_dropdown_id
Checking visibility of portfolioid_dropdown_id
-------Test Passed----- createPortfolio
]]></system-out>
  </testcase>
  <testcase name="deletePortfolio" classname="testcases.rediff.PortfolioManagement" time="8.548">
    <system-out><![CDATA[***************Before Method***************
Deleting Portfolio
Checking presence of portfolioid_dropdown_id
Checking visibility of portfolioid_dropdown_id
complete
0
Clicking ondeletePortfolio_id
Checking presence of deletePortfolio_id
Checking visibility of deletePortfolio_id
complete
1
0
Checking presence of portfolioid_dropdown_id
Checking visibility of portfolioid_dropdown_id
-------Test Passed----- deletePortfolio
]]></system-out>
  </testcase>
  <testcase name="selectPortfolio" classname="testcases.rediff.PortfolioManagement" time="2.195">
    <system-out><![CDATA[---------------Before Test------------------
Opening the browser Chrome
Navigating to url
Typing in username_css . Data gyanphoton@rediffmail.com
Checking presence of username_css
Checking visibility of username_css
Typing in password_xpath . Data Password123!
Checking presence of password_xpath
Checking visibility of password_xpath
Checking presence of login_submit_id
Clicking onlogin_submit_id
Checking presence of login_submit_id
Checking visibility of login_submit_id
complete
1
0
***************Before Method***************
Selecting Portfolio
Checking presence of portfolioid_dropdown_id
Checking visibility of portfolioid_dropdown_id
complete
0
-------Test Passed----- selectPortfolio
]]></system-out>
    <system-err><![CDATA[ChromeDriver was started successfully.
May 08, 2021 12:54:07 PM org.openqa.selenium.remote.ProtocolHandshake createSession
INFO: Detected dialect: W3C
May 08, 2021 12:54:07 PM org.openqa.selenium.devtools.CdpVersionFinder findNearestMatch
WARNING: Unable to find an exact match for CDP version 90, so returning the closest version found: 89
May 08, 2021 12:54:07 PM org.openqa.selenium.devtools.CdpVersionFinder findNearestMatch
INFO: Found CDP implementation for version 90 of 89
]]></system-err>
  </testcase>
  <testcase name="selectPortfolio" classname="testcases.rediff.PortfolioManagement" time="2.832">
    <system-out><![CDATA[---------------Before Test------------------
Opening the browser Chrome
Navigating to url
Typing in username_css . Data gyanphoton@rediffmail.com
Checking presence of username_css
Checking visibility of username_css
Typing in password_xpath . Data Password123!
Checking presence of password_xpath
Checking visibility of password_xpath
Checking presence of login_submit_id
Clicking onlogin_submit_id
Checking presence of login_submit_id
Checking visibility of login_submit_id
complete
1
0
***************Before Method***************
Selecting Portfolio
Checking presence of portfolioid_dropdown_id
Checking visibility of portfolioid_dropdown_id
complete
0
-------Test Passed----- selectPortfolio
]]></system-out>
    <system-err><![CDATA[ChromeDriver was started successfully.
May 08, 2021 12:55:17 PM org.openqa.selenium.remote.ProtocolHandshake createSession
INFO: Detected dialect: W3C
May 08, 2021 12:55:17 PM org.openqa.selenium.devtools.CdpVersionFinder findNearestMatch
WARNING: Unable to find an exact match for CDP version 90, so returning the closest version found: 89
May 08, 2021 12:55:17 PM org.openqa.selenium.devtools.CdpVersionFinder findNearestMatch
INFO: Found CDP implementation for version 90 of 89
]]></system-err>
  </testcase>
  <testcase name="selectPortfolio" classname="testcases.rediff.PortfolioManagement" time="14.662">
    <system-out><![CDATA[---------------Before Test------------------
Opening the browser Chrome
Navigating to url
Typing in username_css . Data gyanphoton@rediffmail.com
Checking presence of username_css
Checking visibility of username_css
Typing in password_xpath . Data Password123!
Checking presence of password_xpath
Checking visibility of password_xpath
Checking presence of login_submit_id
Clicking onlogin_submit_id
Checking presence of login_submit_id
Checking visibility of login_submit_id
complete
1
0
***************Before Method***************
Selecting Portfolio
Checking presence of portfolioid_dropdown_id
Checking visibility of portfolioid_dropdown_id
complete
0
-------Test Passed----- selectPortfolio
]]></system-out>
    <system-err><![CDATA[ChromeDriver was started successfully.
May 08, 2021 12:57:03 PM org.openqa.selenium.remote.ProtocolHandshake createSession
INFO: Detected dialect: W3C
May 08, 2021 12:57:04 PM org.openqa.selenium.devtools.CdpVersionFinder findNearestMatch
WARNING: Unable to find an exact match for CDP version 90, so returning the closest version found: 89
May 08, 2021 12:57:04 PM org.openqa.selenium.devtools.CdpVersionFinder findNearestMatch
INFO: Found CDP implementation for version 90 of 89
]]></system-err>
  </testcase>
  <testcase name="addNewStock[org.testng.TestRunner@3968bc60](1)" classname="testcases.rediff.StockManagement" time="7.533">
    <system-out><![CDATA[***************Before Method***************
Adding 100 stocks of Birla Corporation Ltd
Finding current stock quantity for Birla Corporation Ltd
Checking presence of stocktable_css
Checking visibility of stocktable_css
Current stock Quantity 300
Clicking onaddStock_id
Checking presence of addStock_id
Checking visibility of addStock_id
Typing in addstockname_id . Data Birla Corporation Ltd
Checking presence of addstockname_id
Checking visibility of addstockname_id
Clicking enter button
Checking presence of addstockname_id
Checking visibility of addstockname_id
Clicking onstockPurchaseDate_id
Checking presence of stockPurchaseDate_id
Checking visibility of stockPurchaseDate_id
Selecting date 4-10-2020
Sat May 08 12:54:20 IST 2021
Sun Oct 04 00:00:00 IST 2020
4 ---- October ---- 2020
Checking presence of monthyear_css
Checking visibility of monthyear_css
Checking presence of monthyear_css
Checking visibility of monthyear_css
Checking presence of monthyear_css
Checking visibility of monthyear_css
Checking presence of monthyear_css
Checking visibility of monthyear_css
Checking presence of monthyear_css
Checking visibility of monthyear_css
Checking presence of monthyear_css
Checking visibility of monthyear_css
Checking presence of monthyear_css
Checking visibility of monthyear_css
Checking presence of monthyear_css
Checking visibility of monthyear_css
Typing in addstockqty_id . Data 100
Checking presence of addstockqty_id
Checking visibility of addstockqty_id
Typing in addstockprice_id . Data 200
Checking presence of addstockprice_id
Checking visibility of addstockprice_id
Clicking onaddStockButton_id
Checking presence of addStockButton_id
Checking visibility of addStockButton_id
complete
1
0
Stocks added successfully
-------Test Passed----- addNewStock
]]></system-out>
  </testcase>
  <testcase name="verifyStockPresent" classname="testcases.rediff.StockManagement" time="0.017">
    <system-out><![CDATA[***************Before Method***************
Checking presence of stocktable_css
Checking visibility of stocktable_css
-------Test Passed----- verifyStockPresent
]]></system-out>
  </testcase>
  <testcase name="verifyStockPresent" classname="testcases.rediff.StockManagement" time="0.135">
    <system-out><![CDATA[***************Before Method***************
Checking presence of stocktable_css
Checking visibility of stocktable_css
-------Test Passed----- verifyStockPresent
]]></system-out>
  </testcase>
  <testcase name="verifyStockPresent" classname="testcases.rediff.StockManagement" time="0.017">
    <system-out><![CDATA[***************Before Method***************
Checking presence of stocktable_css
Checking visibility of stocktable_css
-------Test Passed----- verifyStockPresent
]]></system-out>
  </testcase>
  <testcase name="verifyStockQuantity[addstock, org.testng.TestRunner@3968bc60](1)" classname="testcases.rediff.StockManagement" time="0.224">
    <system-out><![CDATA[***************Before Method***************
Verifying stock quantity after action - addstock
Finding current stock quantity for Birla Corporation Ltd
Checking presence of stocktable_css
Checking visibility of stocktable_css
Current stock Quantity 400
Old stock quantity 400
New stock quantity 400
Stock quantity changed as per expected 100
-------Test Passed----- verifyStockQuantity
]]></system-out>
  </testcase>
  <testcase name="verifyTransactionHistory[addstock](1)" classname="testcases.rediff.StockManagement" time="0.69">
    <system-out><![CDATA[***************Before Method***************
Verifying transaction history for addstockfor quantity 100
Selecting the company row Birla Corporation Ltd
Checking presence of stocktable_css
Checking visibility of stocktable_css
Getting the text
Checking presence of latestShareChangeQuantity_xpath
Checking visibility of latestShareChangeQuantity_xpath
Got changed quantity 100
Transaction History OK
-------Test Passed----- verifyTransactionHistory
]]></system-out>
  </testcase>
  <testcase name="verifyTransactionHistory[addstock](1)" classname="testcases.rediff.StockManagement" time="0.634">
    <system-out><![CDATA[***************Before Method***************
Verifying transaction history for addstockfor quantity 100
Selecting the company row Birla Corporation Ltd
Checking presence of stocktable_css
Checking visibility of stocktable_css
Getting the text
Checking presence of latestShareChangeQuantity_xpath
Checking visibility of latestShareChangeQuantity_xpath
Got changed quantity 100
Transaction History OK
-------Test Passed----- verifyTransactionHistory
]]></system-out>
  </testcase>
  <testcase name="modifyStock[sellstock, org.testng.TestRunner@1536ea40](1)" classname="testcases.rediff.StockManagement" time="14.088">
    <system-out><![CDATA[***************Before Method***************
Selling 100 of company Birla Corporation Ltd
Finding current stock quantity for Birla Corporation Ltd
Checking presence of stocktable_css
Checking visibility of stocktable_css
Current stock Quantity 400
Selecting the company row Birla Corporation Ltd
Checking presence of stocktable_css
Checking visibility of stocktable_css
Checking presence of equityaction_id
Checking visibility of equityaction_id
Clicking onbuySellCalendar_id
Checking presence of buySellCalendar_id
Checking visibility of buySellCalendar_id
Selecting Date 14-12-2020
Selecting date 14-12-2020
Sat May 08 12:55:59 IST 2021
Mon Dec 14 00:00:00 IST 2020
14 ---- December ---- 2020
Checking presence of monthyear_css
Checking visibility of monthyear_css
Checking presence of monthyear_css
Checking visibility of monthyear_css
Checking presence of monthyear_css
Checking visibility of monthyear_css
Checking presence of monthyear_css
Checking visibility of monthyear_css
Checking presence of monthyear_css
Checking visibility of monthyear_css
Checking presence of monthyear_css
Checking visibility of monthyear_css
Typing in buysellqty_id . Data 100
Checking presence of buysellqty_id
Checking visibility of buysellqty_id
Typing in buysellprice_id . Data 200
Checking presence of buysellprice_id
Checking visibility of buysellprice_id
Clicking onbuySellStockButton_id
Checking presence of buySellStockButton_id
Checking visibility of buySellStockButton_id
complete
1
0
Stock Sold 
-------Test Passed----- modifyStock
]]></system-out>
  </testcase>
  <testcase name="verifyStockQuantity[sellstock, org.testng.TestRunner@1536ea40](1)" classname="testcases.rediff.StockManagement" time="0.026">
    <system-out><![CDATA[***************Before Method***************
Verifying stock quantity after action - sellstock
Finding current stock quantity for Birla Corporation Ltd
Checking presence of stocktable_css
Checking visibility of stocktable_css
Current stock Quantity 300
Old stock quantity 300
New stock quantity 300
Stock quantity changed as per expected 100
-------Test Passed----- verifyStockQuantity
]]></system-out>
  </testcase>
  <testcase name="verifyTransactionHistory[sellstock](1)" classname="testcases.rediff.StockManagement" time="0.608">
    <system-out><![CDATA[***************Before Method***************
Verifying transaction history for sellstockfor quantity 100
Selecting the company row Birla Corporation Ltd
Checking presence of stocktable_css
Checking visibility of stocktable_css
Getting the text
Checking presence of latestShareChangeQuantity_xpath
Checking visibility of latestShareChangeQuantity_xpath
Got changed quantity -100
Transaction History OK
-------Test Passed----- verifyTransactionHistory
]]></system-out>
  </testcase>
  <testcase name="modifyStock[addstock, org.testng.TestRunner@72af90e8](1)" classname="testcases.rediff.StockManagement" time="11.752">
    <system-out><![CDATA[***************Before Method***************
Buying 100 of company Birla Corporation Ltd
Finding current stock quantity for Birla Corporation Ltd
Checking presence of stocktable_css
Checking visibility of stocktable_css
Current stock Quantity 300
Selecting the company row Birla Corporation Ltd
Checking presence of stocktable_css
Checking visibility of stocktable_css
Checking presence of equityaction_id
Checking visibility of equityaction_id
Clicking onbuySellCalendar_id
Checking presence of buySellCalendar_id
Checking visibility of buySellCalendar_id
Selecting Date 14-12-2020
Selecting date 14-12-2020
Sat May 08 12:57:40 IST 2021
Mon Dec 14 00:00:00 IST 2020
14 ---- December ---- 2020
Checking presence of monthyear_css
Checking visibility of monthyear_css
Checking presence of monthyear_css
Checking visibility of monthyear_css
Checking presence of monthyear_css
Checking visibility of monthyear_css
Checking presence of monthyear_css
Checking visibility of monthyear_css
Checking presence of monthyear_css
Checking visibility of monthyear_css
Checking presence of monthyear_css
Checking visibility of monthyear_css
Typing in buysellqty_id . Data 100
Checking presence of buysellqty_id
Checking visibility of buysellqty_id
Typing in buysellprice_id . Data 200
Checking presence of buysellprice_id
Checking visibility of buysellprice_id
Clicking onbuySellStockButton_id
Checking presence of buySellStockButton_id
Checking visibility of buySellStockButton_id
complete
1
0
Stock bought
-------Test Passed----- modifyStock
]]></system-out>
  </testcase>
  <testcase name="verifyStockQuantity[addstock, org.testng.TestRunner@72af90e8](1)" classname="testcases.rediff.StockManagement" time="0.594">
    <system-out><![CDATA[***************Before Method***************
Verifying stock quantity after action - addstock
Finding current stock quantity for Birla Corporation Ltd
Checking presence of stocktable_css
Checking visibility of stocktable_css
Current stock Quantity 400
Old stock quantity 400
New stock quantity 400
Stock quantity changed as per expected 100
-------Test Passed----- verifyStockQuantity
]]></system-out>
  </testcase>
</testsuite>