<?xml version="1.0" encoding="UTF-8"?>
<!-- Generated by org.testng.reporters.JUnitXMLReporter -->
<testsuite hostname="DESKTOP-3DIN244" ignored="5" name="Add New Stock-New Stock-It.1" tests="5" failures="1" timestamp="2021-05-14T09:44:06 IST" time="22.601" errors="0">
  <testcase name="selectPortfolio" time="0.165" classname="testcases.rediff.PortfolioManagement">
    <failure type="java.lang.NullPointerException">
      <![CDATA[java.lang.NullPointerException
at org.openqa.selenium.support.ui.Quotes.escape(Quotes.java:42)
at org.openqa.selenium.support.ui.Select.selectByVisibleText(Select.java:114)
at keywords.GenericKeywords.selectByVisibleText(GenericKeywords.java:111)
at testcases.rediff.PortfolioManagement.selectPortfolio(PortfolioManagement.java:44)
at java.util.ArrayList.forEach(ArrayList.java:1249)
at runner.TestNGRunner.run(TestNGRunner.java:75)
at runner.JSONRunner.main(JSONRunner.java:110)
... Removed 24 stack frames]]>
    </failure>
  </testcase> <!-- selectPortfolio -->
  <testcase name="addNewStock" time="5.677" classname="testcases.rediff.StockManagement"/>
  <testcase name="verifyStockPresent" time="0.141" classname="testcases.rediff.StockManagement"/>
  <testcase name="verifyStockQuantity" time="0.134" classname="testcases.rediff.StockManagement"/>
  <testcase name="verifyTransactionHistory" time="2.969" classname="testcases.rediff.StockManagement"/>
  <testcase name="@BeforeTest beforeTest" time="0.0" classname="testbase.BaseTest">
    <ignored/>
  </testcase> <!-- @BeforeTest beforeTest -->
  <testcase name="deletePortfolio" time="0.0" classname="testcases.rediff.PortfolioManagement">
    <ignored/>
  </testcase> <!-- deletePortfolio -->
  <testcase name="modifyStock" time="0.0" classname="testcases.rediff.StockManagement">
    <ignored/>
  </testcase> <!-- modifyStock -->
  <testcase name="@AfterTest quit" time="0.0" classname="testbase.BaseTest">
    <ignored/>
  </testcase> <!-- @AfterTest quit -->
  <testcase name="createPortfolio" time="0.0" classname="testcases.rediff.PortfolioManagement">
    <ignored/>
  </testcase> <!-- createPortfolio -->
</testsuite> <!-- Add New Stock-New Stock-It.1 -->
